<?xml version="1.0" encoding="UTF-8"?>
<!-- Generated by org.testng.reporters.JUnitXMLReporter -->
<testsuite hostname="MUNO112173-11" ignored="0" name="Default test" tests="4" failures="0" timestamp="2020-03-03T22:33:44 COT" time="62.909" errors="0">
  <testcase name="tc_001_login_functionality" time="5.772" classname="org.automation.testingworld.testcases.TC_001_ValidateLoginFunctionality"/>
  <testcase name="tc_001_login_functionality" time="5.701" classname="org.automation.testingworld.testcases.TC_001_ValidateLoginFunctionality"/>
  <testcase name="tc_001_login_functionality" time="6.549" classname="org.automation.testingworld.testcases.TC_001_ValidateLoginFunctionality"/>
  <testcase name="tc_001_login_functionality" time="2.335" classname="org.automation.testingworld.testcases.TC_001_ValidateLoginFunctionality"/>
</testsuite> <!-- Default test -->
